[debug] [2022-06-08T17:14:17.452Z] ----------------------------------------------------------------------
[debug] [2022-06-08T17:14:17.454Z] Command:       /opt/local/bin/node /Users/apple/.config/yarn/global/node_modules/.bin/firebase deploy
[debug] [2022-06-08T17:14:17.454Z] CLI Version:   10.7.1
[debug] [2022-06-08T17:14:17.454Z] Platform:      darwin
[debug] [2022-06-08T17:14:17.454Z] Node Version:  v16.15.0
[debug] [2022-06-08T17:14:17.464Z] Time:          Wed Jun 08 2022 22:14:17 GMT+0500 (Pakistan Standard Time)
[debug] [2022-06-08T17:14:17.465Z] ----------------------------------------------------------------------
[debug] 
[debug] [2022-06-08T17:14:17.467Z] >>> [apiv2][query] GET https://firebase-public.firebaseio.com/cli.json [none]
[debug] [2022-06-08T17:14:17.599Z] > command requires scopes: ["email","openid","https://www.googleapis.com/auth/cloudplatformprojects.readonly","https://www.googleapis.com/auth/firebase","https://www.googleapis.com/auth/cloud-platform"]
[debug] [2022-06-08T17:14:17.599Z] > authorizing via signed-in user (prncsammian@gmail.com)
[debug] [2022-06-08T17:14:17.600Z] [iam] checking project racquet-pass for permissions ["firebase.projects.get","firebasehosting.sites.update"]
[debug] [2022-06-08T17:14:17.601Z] > refreshing access token with scopes: []
[debug] [2022-06-08T17:14:17.602Z] >>> HTTP REQUEST POST https://www.googleapis.com/oauth2/v3/token  
 <request body omitted>
[debug] [2022-06-08T17:14:18.353Z] <<< HTTP RESPONSE 200 {"pragma":"no-cache","expires":"Mon, 01 Jan 1990 00:00:00 GMT","date":"Wed, 08 Jun 2022 17:14:18 GMT","cache-control":"no-cache, no-store, max-age=0, must-revalidate","content-type":"application/json; charset=utf-8","vary":"X-Origin, Referer, Origin,Accept-Encoding","server":"scaffolding on HTTPServer2","x-xss-protection":"0","x-frame-options":"SAMEORIGIN","x-content-type-options":"nosniff","alt-svc":"h3=\":443\"; ma=2592000,h3-29=\":443\"; ma=2592000,h3-Q050=\":443\"; ma=2592000,h3-Q046=\":443\"; ma=2592000,h3-Q043=\":443\"; ma=2592000,quic=\":443\"; ma=2592000; v=\"46,43\"","accept-ranges":"none","transfer-encoding":"chunked"}
[debug] [2022-06-08T17:14:18.383Z] >>> [apiv2][query] POST https://cloudresourcemanager.googleapis.com/v1/projects/racquet-pass:testIamPermissions [none]
[debug] [2022-06-08T17:14:18.383Z] >>> [apiv2][body] POST https://cloudresourcemanager.googleapis.com/v1/projects/racquet-pass:testIamPermissions {"permissions":["firebase.projects.get","firebasehosting.sites.update"]}
[debug] [2022-06-08T17:14:19.071Z] <<< [apiv2][status] GET https://firebase-public.firebaseio.com/cli.json 200
[debug] [2022-06-08T17:14:19.071Z] <<< [apiv2][body] GET https://firebase-public.firebaseio.com/cli.json {"cloudBuildErrorAfter":1594252800000,"cloudBuildWarnAfter":1590019200000,"defaultNode10After":1594252800000,"minVersion":"3.0.5","node8DeploysDisabledAfter":1613390400000,"node8RuntimeDisabledAfter":1615809600000,"node8WarnAfter":1600128000000}
[debug] [2022-06-08T17:14:20.291Z] <<< [apiv2][status] POST https://cloudresourcemanager.googleapis.com/v1/projects/racquet-pass:testIamPermissions 200
[debug] [2022-06-08T17:14:20.291Z] <<< [apiv2][body] POST https://cloudresourcemanager.googleapis.com/v1/projects/racquet-pass:testIamPermissions {"permissions":["firebase.projects.get","firebasehosting.sites.update"]}
[debug] [2022-06-08T17:14:20.293Z] >>> [apiv2][query] GET https://firebase.googleapis.com/v1beta1/projects/racquet-pass [none]
